# JRE version: Java(TM) SE Runtime Environment (8.0_91-b14) (build 1.8.0_91-b14)
# Java VM: Java HotSpot(TM) 64-Bit Server VM (25.91-b14 mixed mode linux-amd64 compressed oops)
Heap:
 PSYoungGen      total 272384K, used 0K [0x00000000d6f80000, 0x00000000ee900000, 0x0000000100000000)
  eden space 270336K, 0% used [0x00000000d6f80000,0x00000000d6f80000,0x00000000e7780000)
  from space 2048K, 0% used [0x00000000ee700000,0x00000000ee700000,0x00000000ee900000)
  to   space 9216K, 0% used [0x00000000ed700000,0x00000000ed700000,0x00000000ee000000)
 ParOldGen       total 48640K, used 27969K [0x0000000084e00000, 0x0000000087d80000, 0x00000000d6f80000)
  object space 48640K, 57% used [0x0000000084e00000,0x0000000086950728,0x0000000087d80000)
 Metaspace       used 27120K, capacity 27380K, committed 27648K, reserved 1073152K
  class space    used 3183K, capacity 3263K, committed 3328K, reserved 1048576K
GC Heap History (10 events):
Event: 10208.645 GC heap after
Heap after GC invocations=223 (full 5):
 PSYoungGen      total 325120K, used 1152K [0x00000000d6f80000, 0x00000000eec80000, 0x0000000100000000)
  eden space 323584K, 0% used [0x00000000d6f80000,0x00000000d6f80000,0x00000000eab80000)
  from space 1536K, 75% used [0x00000000eeb00000,0x00000000eec200b0,0x00000000eec80000)
  to   space 3072K, 0% used [0x00000000ee680000,0x00000000ee680000,0x00000000ee980000)
 ParOldGen       total 48640K, used 22403K [0x0000000084e00000, 0x0000000087d80000, 0x00000000d6f80000)
  object space 48640K, 46% used [0x0000000084e00000,0x00000000863e0c78,0x0000000087d80000)
 Metaspace       used 27094K, capacity 27380K, committed 27648K, reserved 1073152K
  class space    used 3183K, capacity 3263K, committed 3328K, reserved 1048576K
}
Event: 10209.262 GC heap before
{Heap before GC invocations=224 (full 5):
 PSYoungGen      total 325120K, used 324736K [0x00000000d6f80000, 0x00000000eec80000, 0x0000000100000000)
  eden space 323584K, 100% used [0x00000000d6f80000,0x00000000eab80000,0x00000000eab80000)
  from space 1536K, 75% used [0x00000000eeb00000,0x00000000eec200b0,0x00000000eec80000)
  to   space 3072K, 0% used [0x00000000ee680000,0x00000000ee680000,0x00000000ee980000)
 ParOldGen       total 48640K, used 22403K [0x0000000084e00000, 0x0000000087d80000, 0x00000000d6f80000)
  object space 48640K, 46% used [0x0000000084e00000,0x00000000863e0c78,0x0000000087d80000)
 Metaspace       used 27094K, capacity 27380K, committed 27648K, reserved 1073152K
  class space    used 3183K, capacity 3263K, committed 3328K, reserved 1048576K
Event: 10209.273 GC heap after
Heap after GC invocations=224 (full 5):
 PSYoungGen      total 310784K, used 1152K [0x00000000d6f80000, 0x00000000eeb80000, 0x0000000100000000)
  eden space 309248K, 0% used [0x00000000d6f80000,0x00000000d6f80000,0x00000000e9d80000)
  from space 1536K, 75% used [0x00000000ee680000,0x00000000ee7a0000,0x00000000ee800000)
  to   space 3072K, 0% used [0x00000000ee880000,0x00000000ee880000,0x00000000eeb80000)
 ParOldGen       total 48640K, used 23415K [0x0000000084e00000, 0x0000000087d80000, 0x00000000d6f80000)
  object space 48640K, 48% used [0x0000000084e00000,0x00000000864ddcb8,0x0000000087d80000)
 Metaspace       used 27094K, capacity 27380K, committed 27648K, reserved 1073152K
  class space    used 3183K, capacity 3263K, committed 3328K, reserved 1048576K
}
Event: 10269.092 GC heap before
{Heap before GC invocations=225 (full 5):
 PSYoungGen      total 310784K, used 310393K [0x00000000d6f80000, 0x00000000eeb80000, 0x0000000100000000)
  eden space 309248K, 99% used [0x00000000d6f80000,0x00000000e9d7e608,0x00000000e9d80000)
  from space 1536K, 75% used [0x00000000ee680000,0x00000000ee7a0000,0x00000000ee800000)
  to   space 3072K, 0% used [0x00000000ee880000,0x00000000ee880000,0x00000000eeb80000)
 ParOldGen       total 48640K, used 23415K [0x0000000084e00000, 0x0000000087d80000, 0x00000000d6f80000)
  object space 48640K, 48% used [0x0000000084e00000,0x00000000864ddcb8,0x0000000087d80000)
 Metaspace       used 27115K, capacity 27380K, committed 27648K, reserved 1073152K
  class space    used 3183K, capacity 3263K, committed 3328K, reserved 1048576K
Event: 10269.098 GC heap after
Heap after GC invocations=225 (full 5):
 PSYoungGen      total 297984K, used 2160K [0x00000000d6f80000, 0x00000000eeb00000, 0x0000000100000000)
  eden space 295424K, 0% used [0x00000000d6f80000,0x00000000d6f80000,0x00000000e9000000)
  from space 2560K, 84% used [0x00000000ee880000,0x00000000eea9c120,0x00000000eeb00000)
  to   space 3072K, 0% used [0x00000000ee500000,0x00000000ee500000,0x00000000ee800000)
 ParOldGen       total 48640K, used 24450K [0x0000000084e00000, 0x0000000087d80000, 0x00000000d6f80000)
  object space 48640K, 50% used [0x0000000084e00000,0x00000000865e0828,0x0000000087d80000)
 Metaspace       used 27115K, capacity 27380K, committed 27648K, reserved 1073152K
  class space    used 3183K, capacity 3263K, committed 3328K, reserved 1048576K
}
Event: 10329.186 GC heap before
{Heap before GC invocations=226 (full 5):
 PSYoungGen      total 297984K, used 297582K [0x00000000d6f80000, 0x00000000eeb00000, 0x0000000100000000)
  eden space 295424K, 99% used [0x00000000d6f80000,0x00000000e8fff850,0x00000000e9000000)
  from space 2560K, 84% used [0x00000000ee880000,0x00000000eea9c120,0x00000000eeb00000)
  to   space 3072K, 0% used [0x00000000ee500000,0x00000000ee500000,0x00000000ee800000)
 ParOldGen       total 48640K, used 24450K [0x0000000084e00000, 0x0000000087d80000, 0x00000000d6f80000)
  object space 48640K, 50% used [0x0000000084e00000,0x00000000865e0828,0x0000000087d80000)
 Metaspace       used 27120K, capacity 27380K, committed 27648K, reserved 1073152K
  class space    used 3183K, capacity 3263K, committed 3328K, reserved 1048576K
Event: 10329.194 GC heap after
Heap after GC invocations=226 (full 5):
 PSYoungGen      total 284672K, used 1552K [0x00000000d6f80000, 0x00000000ee900000, 0x0000000100000000)
  eden space 282624K, 0% used [0x00000000d6f80000,0x00000000d6f80000,0x00000000e8380000)
  from space 2048K, 75% used [0x00000000ee500000,0x00000000ee6840a0,0x00000000ee700000)
  to   space 2048K, 0% used [0x00000000ee700000,0x00000000ee700000,0x00000000ee900000)
 ParOldGen       total 48640K, used 24825K [0x0000000084e00000, 0x0000000087d80000, 0x00000000d6f80000)
  object space 48640K, 51% used [0x0000000084e00000,0x000000008663e748,0x0000000087d80000)
 Metaspace       used 27120K, capacity 27380K, committed 27648K, reserved 1073152K
  class space    used 3183K, capacity 3263K, committed 3328K, reserved 1048576K
}
Event: 10329.825 GC heap before
{Heap before GC invocations=227 (full 5):
 PSYoungGen      total 284672K, used 284176K [0x00000000d6f80000, 0x00000000ee900000, 0x0000000100000000)
  eden space 282624K, 100% used [0x00000000d6f80000,0x00000000e8380000,0x00000000e8380000)
  from space 2048K, 75% used [0x00000000ee500000,0x00000000ee6840a0,0x00000000ee700000)
  to   space 2048K, 0% used [0x00000000ee700000,0x00000000ee700000,0x00000000ee900000)
 ParOldGen       total 48640K, used 24825K [0x0000000084e00000, 0x0000000087d80000, 0x00000000d6f80000)
  object space 48640K, 51% used [0x0000000084e00000,0x000000008663e748,0x0000000087d80000)
 Metaspace       used 27120K, capacity 27380K, committed 27648K, reserved 1073152K
  class space    used 3183K, capacity 3263K, committed 3328K, reserved 1048576K
Event: 10329.843 GC heap after
Heap after GC invocations=227 (full 5):
 PSYoungGen      total 272384K, used 2019K [0x00000000d6f80000, 0x00000000ee900000, 0x0000000100000000)
  eden space 270336K, 0% used [0x00000000d6f80000,0x00000000d6f80000,0x00000000e7780000)
  from space 2048K, 98% used [0x00000000ee700000,0x00000000ee8f8fa8,0x00000000ee900000)
  to   space 9216K, 0% used [0x00000000ed700000,0x00000000ed700000,0x00000000ee000000)
 ParOldGen       total 48640K, used 42102K [0x0000000084e00000, 0x0000000087d80000, 0x00000000d6f80000)
  object space 48640K, 86% used [0x0000000084e00000,0x000000008771db10,0x0000000087d80000)
 Metaspace       used 27120K, capacity 27380K, committed 27648K, reserved 1073152K
  class space    used 3183K, capacity 3263K, committed 3328K, reserved 1048576K
}
Event: 10329.848 GC heap before
{Heap before GC invocations=228 (full 6):
 PSYoungGen      total 272384K, used 2019K [0x00000000d6f80000, 0x00000000ee900000, 0x0000000100000000)
  eden space 270336K, 0% used [0x00000000d6f80000,0x00000000d6f80000,0x00000000e7780000)
  from space 2048K, 98% used [0x00000000ee700000,0x00000000ee8f8fa8,0x00000000ee900000)
  to   space 9216K, 0% used [0x00000000ed700000,0x00000000ed700000,0x00000000ee000000)
 ParOldGen       total 48640K, used 42102K [0x0000000084e00000, 0x0000000087d80000, 0x00000000d6f80000)
  object space 48640K, 86% used [0x0000000084e00000,0x000000008771db10,0x0000000087d80000)
 Metaspace       used 27120K, capacity 27380K, committed 27648K, reserved 1073152K
  class space    used 3183K, capacity 3263K, committed 3328K, reserved 1048576K

