# JRE version: OpenJDK Runtime Environment (8.0_101-b13) (build 1.8.0_101-b13)
# Java VM: OpenJDK 64-Bit Server VM (25.101-b13 mixed mode linux-amd64 compressed oops)
Heap:
 PSYoungGen      total 130560K, used 30146K [0x00000000ec000000, 0x00000000f9e00000, 0x0000000100000000)
  eden space 31232K, 0% used [0x00000000ec000000,0x00000000ec000000,0x00000000ede80000)
  from space 99328K, 30% used [0x00000000ede80000,0x00000000efbf0bf8,0x00000000f3f80000)
  to   space 93184K, 0% used [0x00000000f4300000,0x00000000f4300000,0x00000000f9e00000)
 ParOldGen       total 212992K, used 212621K [0x00000000c4000000, 0x00000000d1000000, 0x00000000ec000000)
  object space 212992K, 99% used [0x00000000c4000000,0x00000000d0fa3688,0x00000000d1000000)
 Metaspace       used 23996K, capacity 24164K, committed 24576K, reserved 1071104K
  class space    used 2882K, capacity 2949K, committed 3072K, reserved 1048576K
GC Heap History (10 events):
Event: 12.235 GC heap after
Heap after GC invocations=10 (full 2):
 PSYoungGen      total 81408K, used 35833K [0x00000000ec000000, 0x00000000f7080000, 0x0000000100000000)
  eden space 45568K, 0% used [0x00000000ec000000,0x00000000ec000000,0x00000000eec80000)
  from space 35840K, 99% used [0x00000000f2300000,0x00000000f45fe520,0x00000000f4600000)
  to   space 55808K, 0% used [0x00000000eec80000,0x00000000eec80000,0x00000000f2300000)
 ParOldGen       total 87552K, used 87432K [0x00000000c4000000, 0x00000000c9580000, 0x00000000ec000000)
  object space 87552K, 99% used [0x00000000c4000000,0x00000000c95623d0,0x00000000c9580000)
 Metaspace       used 23994K, capacity 24164K, committed 24576K, reserved 1071104K
  class space    used 2882K, capacity 2949K, committed 3072K, reserved 1048576K
}
Event: 12.235 GC heap before
{Heap before GC invocations=11 (full 3):
 PSYoungGen      total 81408K, used 35833K [0x00000000ec000000, 0x00000000f7080000, 0x0000000100000000)
  eden space 45568K, 0% used [0x00000000ec000000,0x00000000ec000000,0x00000000eec80000)
  from space 35840K, 99% used [0x00000000f2300000,0x00000000f45fe520,0x00000000f4600000)
  to   space 55808K, 0% used [0x00000000eec80000,0x00000000eec80000,0x00000000f2300000)
 ParOldGen       total 87552K, used 87432K [0x00000000c4000000, 0x00000000c9580000, 0x00000000ec000000)
  object space 87552K, 99% used [0x00000000c4000000,0x00000000c95623d0,0x00000000c9580000)
 Metaspace       used 23994K, capacity 24164K, committed 24576K, reserved 1071104K
  class space    used 2882K, capacity 2949K, committed 3072K, reserved 1048576K
Event: 14.192 GC heap after
Heap after GC invocations=11 (full 3):
 PSYoungGen      total 81408K, used 34159K [0x00000000ec000000, 0x00000000f7080000, 0x0000000100000000)
  eden space 45568K, 0% used [0x00000000ec000000,0x00000000ec000000,0x00000000eec80000)
  from space 35840K, 95% used [0x00000000f2300000,0x00000000f445be78,0x00000000f4600000)
  to   space 55808K, 0% used [0x00000000eec80000,0x00000000eec80000,0x00000000f2300000)
 ParOldGen       total 179200K, used 87164K [0x00000000c4000000, 0x00000000cef00000, 0x00000000ec000000)
  object space 179200K, 48% used [0x00000000c4000000,0x00000000c951f1b8,0x00000000cef00000)
 Metaspace       used 23994K, capacity 24164K, committed 24576K, reserved 1071104K
  class space    used 2882K, capacity 2949K, committed 3072K, reserved 1048576K
}
Event: 15.572 GC heap before
{Heap before GC invocations=12 (full 3):
 PSYoungGen      total 81408K, used 79727K [0x00000000ec000000, 0x00000000f7080000, 0x0000000100000000)
  eden space 45568K, 100% used [0x00000000ec000000,0x00000000eec80000,0x00000000eec80000)
  from space 35840K, 95% used [0x00000000f2300000,0x00000000f445be78,0x00000000f4600000)
  to   space 55808K, 0% used [0x00000000eec80000,0x00000000eec80000,0x00000000f2300000)
 ParOldGen       total 179200K, used 87164K [0x00000000c4000000, 0x00000000cef00000, 0x00000000ec000000)
  object space 179200K, 48% used [0x00000000c4000000,0x00000000c951f1b8,0x00000000cef00000)
 Metaspace       used 23994K, capacity 24164K, committed 24576K, reserved 1071104K
  class space    used 2882K, capacity 2949K, committed 3072K, reserved 1048576K
Event: 15.897 GC heap after
Heap after GC invocations=12 (full 3):
 PSYoungGen      total 101376K, used 55797K [0x00000000ec000000, 0x00000000f8a00000, 0x0000000100000000)
  eden space 45568K, 0% used [0x00000000ec000000,0x00000000ec000000,0x00000000eec80000)
  from space 55808K, 99% used [0x00000000eec80000,0x00000000f22fd7a0,0x00000000f2300000)
  to   space 76288K, 0% used [0x00000000f3f80000,0x00000000f3f80000,0x00000000f8a00000)
 ParOldGen       total 179200K, used 111108K [0x00000000c4000000, 0x00000000cef00000, 0x00000000ec000000)
  object space 179200K, 62% used [0x00000000c4000000,0x00000000cac811b8,0x00000000cef00000)
 Metaspace       used 23994K, capacity 24164K, committed 24576K, reserved 1071104K
  class space    used 2882K, capacity 2949K, committed 3072K, reserved 1048576K
}
Event: 17.437 GC heap before
{Heap before GC invocations=13 (full 3):
 PSYoungGen      total 101376K, used 101365K [0x00000000ec000000, 0x00000000f8a00000, 0x0000000100000000)
  eden space 45568K, 100% used [0x00000000ec000000,0x00000000eec80000,0x00000000eec80000)
  from space 55808K, 99% used [0x00000000eec80000,0x00000000f22fd7a0,0x00000000f2300000)
  to   space 76288K, 0% used [0x00000000f3f80000,0x00000000f3f80000,0x00000000f8a00000)
 ParOldGen       total 179200K, used 111108K [0x00000000c4000000, 0x00000000cef00000, 0x00000000ec000000)
  object space 179200K, 62% used [0x00000000c4000000,0x00000000cac811b8,0x00000000cef00000)
 Metaspace       used 23995K, capacity 24164K, committed 24576K, reserved 1071104K
  class space    used 2882K, capacity 2949K, committed 3072K, reserved 1048576K
Event: 18.119 GC heap after
Heap after GC invocations=13 (full 3):
 PSYoungGen      total 107520K, used 76256K [0x00000000ec000000, 0x00000000fba80000, 0x0000000100000000)
  eden space 31232K, 0% used [0x00000000ec000000,0x00000000ec000000,0x00000000ede80000)
  from space 76288K, 99% used [0x00000000f3f80000,0x00000000f89f8368,0x00000000f8a00000)
  to   space 99328K, 0% used [0x00000000ede80000,0x00000000ede80000,0x00000000f3f80000)
 ParOldGen       total 179200K, used 136156K [0x00000000c4000000, 0x00000000cef00000, 0x00000000ec000000)
  object space 179200K, 75% used [0x00000000c4000000,0x00000000cc4f71b8,0x00000000cef00000)
 Metaspace       used 23995K, capacity 24164K, committed 24576K, reserved 1071104K
  class space    used 2882K, capacity 2949K, committed 3072K, reserved 1048576K
}
Event: 19.007 GC heap before
{Heap before GC invocations=14 (full 3):
 PSYoungGen      total 107520K, used 107488K [0x00000000ec000000, 0x00000000fba80000, 0x0000000100000000)
  eden space 31232K, 100% used [0x00000000ec000000,0x00000000ede80000,0x00000000ede80000)
  from space 76288K, 99% used [0x00000000f3f80000,0x00000000f89f8368,0x00000000f8a00000)
  to   space 99328K, 0% used [0x00000000ede80000,0x00000000ede80000,0x00000000f3f80000)
 ParOldGen       total 179200K, used 136156K [0x00000000c4000000, 0x00000000cef00000, 0x00000000ec000000)
  object space 179200K, 75% used [0x00000000c4000000,0x00000000cc4f71b8,0x00000000cef00000)
 Metaspace       used 23996K, capacity 24164K, committed 24576K, reserved 1071104K
  class space    used 2882K, capacity 2949K, committed 3072K, reserved 1048576K
Event: 19.378 GC heap after
Heap after GC invocations=14 (full 3):
 PSYoungGen      total 130560K, used 31264K [0x00000000ec000000, 0x00000000f9e00000, 0x0000000100000000)
  eden space 31232K, 0% used [0x00000000ec000000,0x00000000ec000000,0x00000000ede80000)
  from space 99328K, 31% used [0x00000000ede80000,0x00000000efd08000,0x00000000f3f80000)
  to   space 93184K, 0% used [0x00000000f4300000,0x00000000f4300000,0x00000000f9e00000)
 ParOldGen       total 212992K, used 212973K [0x00000000c4000000, 0x00000000d1000000, 0x00000000ec000000)
  object space 212992K, 99% used [0x00000000c4000000,0x00000000d0ffb520,0x00000000d1000000)
 Metaspace       used 23996K, capacity 24164K, committed 24576K, reserved 1071104K
  class space    used 2882K, capacity 2949K, committed 3072K, reserved 1048576K
}
Event: 19.378 GC heap before
{Heap before GC invocations=15 (full 4):
 PSYoungGen      total 130560K, used 31264K [0x00000000ec000000, 0x00000000f9e00000, 0x0000000100000000)
  eden space 31232K, 0% used [0x00000000ec000000,0x00000000ec000000,0x00000000ede80000)
  from space 99328K, 31% used [0x00000000ede80000,0x00000000efd08000,0x00000000f3f80000)
  to   space 93184K, 0% used [0x00000000f4300000,0x00000000f4300000,0x00000000f9e00000)
 ParOldGen       total 212992K, used 212973K [0x00000000c4000000, 0x00000000d1000000, 0x00000000ec000000)
  object space 212992K, 99% used [0x00000000c4000000,0x00000000d0ffb520,0x00000000d1000000)
 Metaspace       used 23996K, capacity 24164K, committed 24576K, reserved 1071104K
  class space    used 2882K, capacity 2949K, committed 3072K, reserved 1048576K

