# JRE version: OpenJDK Runtime Environment (8.0_101-b13) (build 1.8.0_101-b13)
# Java VM: OpenJDK 64-Bit Server VM (25.101-b13 mixed mode linux-amd64 compressed oops)
Heap:
 PSYoungGen      total 666112K, used 0K [0x00000000d6f80000, 0x0000000100000000, 0x0000000100000000)
  eden space 660992K, 0% used [0x00000000d6f80000,0x00000000d6f80000,0x00000000ff500000)
  from space 5120K, 0% used [0x00000000ff500000,0x00000000ff500000,0x00000000ffa00000)
  to   space 5120K, 0% used [0x00000000ffb00000,0x00000000ffb00000,0x0000000100000000)
 ParOldGen       total 46592K, used 42534K [0x0000000084e00000, 0x0000000087b80000, 0x00000000d6f80000)
  object space 46592K, 91% used [0x0000000084e00000,0x0000000087789960,0x0000000087b80000)
 Metaspace       used 25058K, capacity 25252K, committed 25600K, reserved 1071104K
  class space    used 2941K, capacity 3013K, committed 3072K, reserved 1048576K
GC Heap History (10 events):
Event: 33.786 GC heap after
Heap after GC invocations=24 (full 1):
 PSYoungGen      total 665600K, used 2230K [0x00000000d6f80000, 0x00000000fff00000, 0x0000000100000000)
  eden space 659456K, 0% used [0x00000000d6f80000,0x00000000d6f80000,0x00000000ff380000)
  from space 6144K, 36% used [0x00000000ff380000,0x00000000ff5adba8,0x00000000ff980000)
  to   space 5632K, 0% used [0x00000000ff980000,0x00000000ff980000,0x00000000fff00000)
 ParOldGen       total 46592K, used 35499K [0x0000000084e00000, 0x0000000087b80000, 0x00000000d6f80000)
  object space 46592K, 76% used [0x0000000084e00000,0x00000000870aae58,0x0000000087b80000)
 Metaspace       used 25055K, capacity 25252K, committed 25600K, reserved 1071104K
  class space    used 2941K, capacity 3013K, committed 3072K, reserved 1048576K
}
Event: 34.116 GC heap before
{Heap before GC invocations=25 (full 1):
 PSYoungGen      total 665600K, used 661686K [0x00000000d6f80000, 0x00000000fff00000, 0x0000000100000000)
  eden space 659456K, 100% used [0x00000000d6f80000,0x00000000ff380000,0x00000000ff380000)
  from space 6144K, 36% used [0x00000000ff380000,0x00000000ff5adba8,0x00000000ff980000)
  to   space 5632K, 0% used [0x00000000ff980000,0x00000000ff980000,0x00000000fff00000)
 ParOldGen       total 46592K, used 35499K [0x0000000084e00000, 0x0000000087b80000, 0x00000000d6f80000)
  object space 46592K, 76% used [0x0000000084e00000,0x00000000870aae58,0x0000000087b80000)
 Metaspace       used 25057K, capacity 25252K, committed 25600K, reserved 1071104K
  class space    used 2941K, capacity 3013K, committed 3072K, reserved 1048576K
Event: 34.122 GC heap after
Heap after GC invocations=25 (full 1):
 PSYoungGen      total 665600K, used 2144K [0x00000000d6f80000, 0x00000000fff80000, 0x0000000100000000)
  eden space 659968K, 0% used [0x00000000d6f80000,0x00000000d6f80000,0x00000000ff400000)
  from space 5632K, 38% used [0x00000000ff980000,0x00000000ffb98000,0x00000000fff00000)
  to   space 5632K, 0% used [0x00000000ff400000,0x00000000ff400000,0x00000000ff980000)
 ParOldGen       total 46592K, used 37738K [0x0000000084e00000, 0x0000000087b80000, 0x00000000d6f80000)
  object space 46592K, 80% used [0x0000000084e00000,0x00000000872daa00,0x0000000087b80000)
 Metaspace       used 25057K, capacity 25252K, committed 25600K, reserved 1071104K
  class space    used 2941K, capacity 3013K, committed 3072K, reserved 1048576K
}
Event: 34.492 GC heap before
{Heap before GC invocations=26 (full 1):
 PSYoungGen      total 665600K, used 662112K [0x00000000d6f80000, 0x00000000fff80000, 0x0000000100000000)
  eden space 659968K, 100% used [0x00000000d6f80000,0x00000000ff400000,0x00000000ff400000)
  from space 5632K, 38% used [0x00000000ff980000,0x00000000ffb98000,0x00000000fff00000)
  to   space 5632K, 0% used [0x00000000ff400000,0x00000000ff400000,0x00000000ff980000)
 ParOldGen       total 46592K, used 37738K [0x0000000084e00000, 0x0000000087b80000, 0x00000000d6f80000)
  object space 46592K, 80% used [0x0000000084e00000,0x00000000872daa00,0x0000000087b80000)
 Metaspace       used 25057K, capacity 25252K, committed 25600K, reserved 1071104K
  class space    used 2941K, capacity 3013K, committed 3072K, reserved 1048576K
Event: 34.503 GC heap after
Heap after GC invocations=26 (full 1):
 PSYoungGen      total 665600K, used 2168K [0x00000000d6f80000, 0x0000000100000000, 0x0000000100000000)
  eden space 659968K, 0% used [0x00000000d6f80000,0x00000000d6f80000,0x00000000ff400000)
  from space 5632K, 38% used [0x00000000ff400000,0x00000000ff61e1a8,0x00000000ff980000)
  to   space 5632K, 0% used [0x00000000ffa80000,0x00000000ffa80000,0x0000000100000000)
 ParOldGen       total 46592K, used 39882K [0x0000000084e00000, 0x0000000087b80000, 0x00000000d6f80000)
  object space 46592K, 85% used [0x0000000084e00000,0x00000000874f2a00,0x0000000087b80000)
 Metaspace       used 25057K, capacity 25252K, committed 25600K, reserved 1071104K
  class space    used 2941K, capacity 3013K, committed 3072K, reserved 1048576K
}
Event: 34.800 GC heap before
{Heap before GC invocations=27 (full 1):
 PSYoungGen      total 665600K, used 662136K [0x00000000d6f80000, 0x0000000100000000, 0x0000000100000000)
  eden space 659968K, 100% used [0x00000000d6f80000,0x00000000ff400000,0x00000000ff400000)
  from space 5632K, 38% used [0x00000000ff400000,0x00000000ff61e1a8,0x00000000ff980000)
  to   space 5632K, 0% used [0x00000000ffa80000,0x00000000ffa80000,0x0000000100000000)
 ParOldGen       total 46592K, used 39882K [0x0000000084e00000, 0x0000000087b80000, 0x00000000d6f80000)
  object space 46592K, 85% used [0x0000000084e00000,0x00000000874f2a00,0x0000000087b80000)
 Metaspace       used 25057K, capacity 25252K, committed 25600K, reserved 1071104K
  class space    used 2941K, capacity 3013K, committed 3072K, reserved 1048576K
Event: 34.815 GC heap after
Heap after GC invocations=27 (full 1):
 PSYoungGen      total 665600K, used 2212K [0x00000000d6f80000, 0x00000000fff00000, 0x0000000100000000)
  eden space 660992K, 0% used [0x00000000d6f80000,0x00000000d6f80000,0x00000000ff500000)
  from space 4608K, 48% used [0x00000000ffa80000,0x00000000ffca9278,0x00000000fff00000)
  to   space 5120K, 0% used [0x00000000ff500000,0x00000000ff500000,0x00000000ffa00000)
 ParOldGen       total 46592K, used 42058K [0x0000000084e00000, 0x0000000087b80000, 0x00000000d6f80000)
  object space 46592K, 90% used [0x0000000084e00000,0x0000000087712a00,0x0000000087b80000)
 Metaspace       used 25057K, capacity 25252K, committed 25600K, reserved 1071104K
  class space    used 2941K, capacity 3013K, committed 3072K, reserved 1048576K
}
Event: 35.266 GC heap before
{Heap before GC invocations=28 (full 1):
 PSYoungGen      total 665600K, used 663204K [0x00000000d6f80000, 0x00000000fff00000, 0x0000000100000000)
  eden space 660992K, 100% used [0x00000000d6f80000,0x00000000ff500000,0x00000000ff500000)
  from space 4608K, 48% used [0x00000000ffa80000,0x00000000ffca9278,0x00000000fff00000)
  to   space 5120K, 0% used [0x00000000ff500000,0x00000000ff500000,0x00000000ffa00000)
 ParOldGen       total 46592K, used 42058K [0x0000000084e00000, 0x0000000087b80000, 0x00000000d6f80000)
  object space 46592K, 90% used [0x0000000084e00000,0x0000000087712a00,0x0000000087b80000)
 Metaspace       used 25058K, capacity 25252K, committed 25600K, reserved 1071104K
  class space    used 2941K, capacity 3013K, committed 3072K, reserved 1048576K
Event: 35.270 GC heap after
Heap after GC invocations=28 (full 1):
 PSYoungGen      total 666112K, used 2208K [0x00000000d6f80000, 0x0000000100000000, 0x0000000100000000)
  eden space 660992K, 0% used [0x00000000d6f80000,0x00000000d6f80000,0x00000000ff500000)
  from space 5120K, 43% used [0x00000000ff500000,0x00000000ff728000,0x00000000ffa00000)
  to   space 5120K, 0% used [0x00000000ffb00000,0x00000000ffb00000,0x0000000100000000)
 ParOldGen       total 46592K, used 44255K [0x0000000084e00000, 0x0000000087b80000, 0x00000000d6f80000)
  object space 46592K, 94% used [0x0000000084e00000,0x0000000087937c78,0x0000000087b80000)
 Metaspace       used 25058K, capacity 25252K, committed 25600K, reserved 1071104K
  class space    used 2941K, capacity 3013K, committed 3072K, reserved 1048576K
}
Event: 35.274 GC heap before
{Heap before GC invocations=29 (full 2):
 PSYoungGen      total 666112K, used 2208K [0x00000000d6f80000, 0x0000000100000000, 0x0000000100000000)
  eden space 660992K, 0% used [0x00000000d6f80000,0x00000000d6f80000,0x00000000ff500000)
  from space 5120K, 43% used [0x00000000ff500000,0x00000000ff728000,0x00000000ffa00000)
  to   space 5120K, 0% used [0x00000000ffb00000,0x00000000ffb00000,0x0000000100000000)
 ParOldGen       total 46592K, used 44255K [0x0000000084e00000, 0x0000000087b80000, 0x00000000d6f80000)
  object space 46592K, 94% used [0x0000000084e00000,0x0000000087937c78,0x0000000087b80000)
 Metaspace       used 25058K, capacity 25252K, committed 25600K, reserved 1071104K
  class space    used 2941K, capacity 3013K, committed 3072K, reserved 1048576K

