# JRE version: OpenJDK Runtime Environment (8.0_101-b13) (build 1.8.0_101-b13)
# Java VM: OpenJDK 64-Bit Server VM (25.101-b13 mixed mode linux-amd64 compressed oops)
Heap:
 PSYoungGen      total 629760K, used 0K [0x00000000d6f80000, 0x0000000100000000, 0x0000000100000000)
  eden space 587264K, 0% used [0x00000000d6f80000,0x00000000d6f80000,0x00000000fad00000)
  from space 42496K, 0% used [0x00000000fad00000,0x00000000fad00000,0x00000000fd680000)
  to   space 42496K, 0% used [0x00000000fd680000,0x00000000fd680000,0x0000000100000000)
 ParOldGen       total 500736K, used 269611K [0x0000000084e00000, 0x00000000a3700000, 0x00000000d6f80000)
  object space 500736K, 53% used [0x0000000084e00000,0x000000009554ad80,0x00000000a3700000)
 Metaspace       used 27285K, capacity 27576K, committed 27904K, reserved 1073152K
  class space    used 3100K, capacity 3199K, committed 3328K, reserved 1048576K
GC Heap History (10 events):
Event: 3989.298 GC heap after
Heap after GC invocations=6602 (full 77):
 PSYoungGen      total 668672K, used 2340K [0x00000000d6f80000, 0x0000000100000000, 0x0000000100000000)
  eden space 665088K, 0% used [0x00000000d6f80000,0x00000000d6f80000,0x00000000ff900000)
  from space 3584K, 65% used [0x00000000ff900000,0x00000000ffb49278,0x00000000ffc80000)
  to   space 3584K, 0% used [0x00000000ffc80000,0x00000000ffc80000,0x0000000100000000)
 ParOldGen       total 500736K, used 284451K [0x0000000084e00000, 0x00000000a3700000, 0x00000000d6f80000)
  object space 500736K, 56% used [0x0000000084e00000,0x00000000963c8cf8,0x00000000a3700000)
 Metaspace       used 27285K, capacity 27576K, committed 27904K, reserved 1073152K
  class space    used 3100K, capacity 3199K, committed 3328K, reserved 1048576K
}
Event: 3989.649 GC heap before
{Heap before GC invocations=6603 (full 77):
 PSYoungGen      total 668672K, used 667428K [0x00000000d6f80000, 0x0000000100000000, 0x0000000100000000)
  eden space 665088K, 100% used [0x00000000d6f80000,0x00000000ff900000,0x00000000ff900000)
  from space 3584K, 65% used [0x00000000ff900000,0x00000000ffb49278,0x00000000ffc80000)
  to   space 3584K, 0% used [0x00000000ffc80000,0x00000000ffc80000,0x0000000100000000)
 ParOldGen       total 500736K, used 284451K [0x0000000084e00000, 0x00000000a3700000, 0x00000000d6f80000)
  object space 500736K, 56% used [0x0000000084e00000,0x00000000963c8cf8,0x00000000a3700000)
 Metaspace       used 27285K, capacity 27576K, committed 27904K, reserved 1073152K
  class space    used 3100K, capacity 3199K, committed 3328K, reserved 1048576K
Event: 3989.653 GC heap after
Heap after GC invocations=6603 (full 77):
 PSYoungGen      total 667648K, used 2390K [0x00000000d6f80000, 0x00000000fff00000, 0x0000000100000000)
  eden space 665088K, 0% used [0x00000000d6f80000,0x00000000d6f80000,0x00000000ff900000)
  from space 2560K, 93% used [0x00000000ffc80000,0x00000000ffed5ba8,0x00000000fff00000)
  to   space 3072K, 0% used [0x00000000ff900000,0x00000000ff900000,0x00000000ffc00000)
 ParOldGen       total 500736K, used 286691K [0x0000000084e00000, 0x00000000a3700000, 0x00000000d6f80000)
  object space 500736K, 57% used [0x0000000084e00000,0x00000000965f8cf8,0x00000000a3700000)
 Metaspace       used 27285K, capacity 27576K, committed 27904K, reserved 1073152K
  class space    used 3100K, capacity 3199K, committed 3328K, reserved 1048576K
}
Event: 3989.948 GC heap before
{Heap before GC invocations=6604 (full 77):
 PSYoungGen      total 667648K, used 667478K [0x00000000d6f80000, 0x00000000fff00000, 0x0000000100000000)
  eden space 665088K, 100% used [0x00000000d6f80000,0x00000000ff900000,0x00000000ff900000)
  from space 2560K, 93% used [0x00000000ffc80000,0x00000000ffed5ba8,0x00000000fff00000)
  to   space 3072K, 0% used [0x00000000ff900000,0x00000000ff900000,0x00000000ffc00000)
 ParOldGen       total 500736K, used 286691K [0x0000000084e00000, 0x00000000a3700000, 0x00000000d6f80000)
  object space 500736K, 57% used [0x0000000084e00000,0x00000000965f8cf8,0x00000000a3700000)
 Metaspace       used 27285K, capacity 27576K, committed 27904K, reserved 1073152K
  class space    used 3100K, capacity 3199K, committed 3328K, reserved 1048576K
Event: 3989.954 GC heap after
Heap after GC invocations=6604 (full 77):
 PSYoungGen      total 668160K, used 3042K [0x00000000d6f80000, 0x0000000100000000, 0x0000000100000000)
  eden space 665088K, 0% used [0x00000000d6f80000,0x00000000d6f80000,0x00000000ff900000)
  from space 3072K, 99% used [0x00000000ff900000,0x00000000ffbf88c8,0x00000000ffc00000)
  to   space 4096K, 0% used [0x00000000ffc00000,0x00000000ffc00000,0x0000000100000000)
 ParOldGen       total 500736K, used 315583K [0x0000000084e00000, 0x00000000a3700000, 0x00000000d6f80000)
  object space 500736K, 63% used [0x0000000084e00000,0x000000009822fe68,0x00000000a3700000)
 Metaspace       used 27285K, capacity 27576K, committed 27904K, reserved 1073152K
  class space    used 3100K, capacity 3199K, committed 3328K, reserved 1048576K
}
Event: 3990.205 GC heap before
{Heap before GC invocations=6605 (full 77):
 PSYoungGen      total 668160K, used 668130K [0x00000000d6f80000, 0x0000000100000000, 0x0000000100000000)
  eden space 665088K, 100% used [0x00000000d6f80000,0x00000000ff900000,0x00000000ff900000)
  from space 3072K, 99% used [0x00000000ff900000,0x00000000ffbf88c8,0x00000000ffc00000)
  to   space 4096K, 0% used [0x00000000ffc00000,0x00000000ffc00000,0x0000000100000000)
 ParOldGen       total 500736K, used 315583K [0x0000000084e00000, 0x00000000a3700000, 0x00000000d6f80000)
  object space 500736K, 63% used [0x0000000084e00000,0x000000009822fe68,0x00000000a3700000)
 Metaspace       used 27285K, capacity 27576K, committed 27904K, reserved 1073152K
  class space    used 3100K, capacity 3199K, committed 3328K, reserved 1048576K
Event: 3990.247 GC heap after
Heap after GC invocations=6605 (full 77):
 PSYoungGen      total 591360K, used 4082K [0x00000000d6f80000, 0x0000000100000000, 0x0000000100000000)
  eden space 587264K, 0% used [0x00000000d6f80000,0x00000000d6f80000,0x00000000fad00000)
  from space 4096K, 99% used [0x00000000ffc00000,0x00000000ffffcb78,0x0000000100000000)
  to   space 42496K, 0% used [0x00000000fad00000,0x00000000fad00000,0x00000000fd680000)
 ParOldGen       total 500736K, used 396105K [0x0000000084e00000, 0x00000000a3700000, 0x00000000d6f80000)
  object space 500736K, 79% used [0x0000000084e00000,0x000000009d0d24b8,0x00000000a3700000)
 Metaspace       used 27285K, capacity 27576K, committed 27904K, reserved 1073152K
  class space    used 3100K, capacity 3199K, committed 3328K, reserved 1048576K
}
Event: 3990.489 GC heap before
{Heap before GC invocations=6606 (full 77):
 PSYoungGen      total 591360K, used 591346K [0x00000000d6f80000, 0x0000000100000000, 0x0000000100000000)
  eden space 587264K, 100% used [0x00000000d6f80000,0x00000000fad00000,0x00000000fad00000)
  from space 4096K, 99% used [0x00000000ffc00000,0x00000000ffffcb78,0x0000000100000000)
  to   space 42496K, 0% used [0x00000000fad00000,0x00000000fad00000,0x00000000fd680000)
 ParOldGen       total 500736K, used 396105K [0x0000000084e00000, 0x00000000a3700000, 0x00000000d6f80000)
  object space 500736K, 79% used [0x0000000084e00000,0x000000009d0d24b8,0x00000000a3700000)
 Metaspace       used 27285K, capacity 27576K, committed 27904K, reserved 1073152K
  class space    used 3100K, capacity 3199K, committed 3328K, reserved 1048576K
Event: 3990.570 GC heap after
Heap after GC invocations=6606 (full 77):
 PSYoungGen      total 629760K, used 42468K [0x00000000d6f80000, 0x0000000100000000, 0x0000000100000000)
  eden space 587264K, 0% used [0x00000000d6f80000,0x00000000d6f80000,0x00000000fad00000)
  from space 42496K, 99% used [0x00000000fad00000,0x00000000fd679278,0x00000000fd680000)
  to   space 42496K, 0% used [0x00000000fd680000,0x00000000fd680000,0x0000000100000000)
 ParOldGen       total 500736K, used 462108K [0x0000000084e00000, 0x00000000a3700000, 0x00000000d6f80000)
  object space 500736K, 92% used [0x0000000084e00000,0x00000000a1147068,0x00000000a3700000)
 Metaspace       used 27285K, capacity 27576K, committed 27904K, reserved 1073152K
  class space    used 3100K, capacity 3199K, committed 3328K, reserved 1048576K
}
Event: 3990.570 GC heap before
{Heap before GC invocations=6607 (full 78):
 PSYoungGen      total 629760K, used 42468K [0x00000000d6f80000, 0x0000000100000000, 0x0000000100000000)
  eden space 587264K, 0% used [0x00000000d6f80000,0x00000000d6f80000,0x00000000fad00000)
  from space 42496K, 99% used [0x00000000fad00000,0x00000000fd679278,0x00000000fd680000)
  to   space 42496K, 0% used [0x00000000fd680000,0x00000000fd680000,0x0000000100000000)
 ParOldGen       total 500736K, used 462108K [0x0000000084e00000, 0x00000000a3700000, 0x00000000d6f80000)
  object space 500736K, 92% used [0x0000000084e00000,0x00000000a1147068,0x00000000a3700000)
 Metaspace       used 27285K, capacity 27576K, committed 27904K, reserved 1073152K
  class space    used 3100K, capacity 3199K, committed 3328K, reserved 1048576K

