# JRE version: OpenJDK Runtime Environment (8.0_101-b13) (build 1.8.0_101-b13)
# Java VM: OpenJDK 64-Bit Server VM (25.101-b13 mixed mode linux-amd64 compressed oops)
Heap:
 PSYoungGen      total 514560K, used 0K [0x00000000d6f80000, 0x00000000fe680000, 0x0000000100000000)
  eden space 395264K, 0% used [0x00000000d6f80000,0x00000000d6f80000,0x00000000ef180000)
  from space 119296K, 0% used [0x00000000f7200000,0x00000000f7200000,0x00000000fe680000)
  to   space 125440K, 0% used [0x00000000ef180000,0x00000000ef180000,0x00000000f6c00000)
 ParOldGen       total 558592K, used 276883K [0x0000000084e00000, 0x00000000a6f80000, 0x00000000d6f80000)
  object space 558592K, 49% used [0x0000000084e00000,0x0000000095c64d38,0x00000000a6f80000)
 Metaspace       used 26124K, capacity 26338K, committed 26752K, reserved 1073152K
  class space    used 3086K, capacity 3178K, committed 3200K, reserved 1048576K
GC Heap History (10 events):
Event: 1322.699 GC heap after
Heap after GC invocations=727 (full 26):
 PSYoungGen      total 485888K, used 22614K [0x00000000d6f80000, 0x00000000fea80000, 0x0000000100000000)
  eden space 333824K, 0% used [0x00000000d6f80000,0x00000000d6f80000,0x00000000eb580000)
  from space 152064K, 14% used [0x00000000f5600000,0x00000000f6c15860,0x00000000fea80000)
  to   space 158208K, 0% used [0x00000000eb580000,0x00000000eb580000,0x00000000f5000000)
 ParOldGen       total 558592K, used 409886K [0x0000000084e00000, 0x00000000a6f80000, 0x00000000d6f80000)
  object space 558592K, 73% used [0x0000000084e00000,0x000000009de479a0,0x00000000a6f80000)
 Metaspace       used 26124K, capacity 26338K, committed 26752K, reserved 1073152K
  class space    used 3086K, capacity 3178K, committed 3200K, reserved 1048576K
}
Event: 1322.837 GC heap before
{Heap before GC invocations=728 (full 26):
 PSYoungGen      total 485888K, used 356438K [0x00000000d6f80000, 0x00000000fea80000, 0x0000000100000000)
  eden space 333824K, 100% used [0x00000000d6f80000,0x00000000eb580000,0x00000000eb580000)
  from space 152064K, 14% used [0x00000000f5600000,0x00000000f6c15860,0x00000000fea80000)
  to   space 158208K, 0% used [0x00000000eb580000,0x00000000eb580000,0x00000000f5000000)
 ParOldGen       total 558592K, used 409886K [0x0000000084e00000, 0x00000000a6f80000, 0x00000000d6f80000)
  object space 558592K, 73% used [0x0000000084e00000,0x000000009de479a0,0x00000000a6f80000)
 Metaspace       used 26124K, capacity 26338K, committed 26752K, reserved 1073152K
  class space    used 3086K, capacity 3178K, committed 3200K, reserved 1048576K
Event: 1322.882 GC heap after
Heap after GC invocations=728 (full 26):
 PSYoungGen      total 492032K, used 18464K [0x00000000d6f80000, 0x00000000ff900000, 0x0000000100000000)
  eden space 333824K, 0% used [0x00000000d6f80000,0x00000000d6f80000,0x00000000eb580000)
  from space 158208K, 11% used [0x00000000eb580000,0x00000000ec788000,0x00000000f5000000)
  to   space 151552K, 0% used [0x00000000f6500000,0x00000000f6500000,0x00000000ff900000)
 ParOldGen       total 558592K, used 431909K [0x0000000084e00000, 0x00000000a6f80000, 0x00000000d6f80000)
  object space 558592K, 77% used [0x0000000084e00000,0x000000009f3c94b8,0x00000000a6f80000)
 Metaspace       used 26124K, capacity 26338K, committed 26752K, reserved 1073152K
  class space    used 3086K, capacity 3178K, committed 3200K, reserved 1048576K
}
Event: 1323.013 GC heap before
{Heap before GC invocations=729 (full 26):
 PSYoungGen      total 492032K, used 352288K [0x00000000d6f80000, 0x00000000ff900000, 0x0000000100000000)
  eden space 333824K, 100% used [0x00000000d6f80000,0x00000000eb580000,0x00000000eb580000)
  from space 158208K, 11% used [0x00000000eb580000,0x00000000ec788000,0x00000000f5000000)
  to   space 151552K, 0% used [0x00000000f6500000,0x00000000f6500000,0x00000000ff900000)
 ParOldGen       total 558592K, used 431909K [0x0000000084e00000, 0x00000000a6f80000, 0x00000000d6f80000)
  object space 558592K, 77% used [0x0000000084e00000,0x000000009f3c94b8,0x00000000a6f80000)
 Metaspace       used 26124K, capacity 26338K, committed 26752K, reserved 1073152K
  class space    used 3086K, capacity 3178K, committed 3200K, reserved 1048576K
Event: 1323.079 GC heap after
Heap after GC invocations=729 (full 26):
 PSYoungGen      total 498176K, used 26564K [0x00000000d6f80000, 0x00000000fe980000, 0x0000000100000000)
  eden space 362496K, 0% used [0x00000000d6f80000,0x00000000d6f80000,0x00000000ed180000)
  from space 135680K, 19% used [0x00000000f6500000,0x00000000f7ef1278,0x00000000fe980000)
  to   space 143360K, 0% used [0x00000000ed180000,0x00000000ed180000,0x00000000f5d80000)
 ParOldGen       total 558592K, used 450421K [0x0000000084e00000, 0x00000000a6f80000, 0x00000000d6f80000)
  object space 558592K, 80% used [0x0000000084e00000,0x00000000a05dd4b8,0x00000000a6f80000)
 Metaspace       used 26124K, capacity 26338K, committed 26752K, reserved 1073152K
  class space    used 3086K, capacity 3178K, committed 3200K, reserved 1048576K
}
Event: 1323.364 GC heap before
{Heap before GC invocations=730 (full 26):
 PSYoungGen      total 498176K, used 389060K [0x00000000d6f80000, 0x00000000fe980000, 0x0000000100000000)
  eden space 362496K, 100% used [0x00000000d6f80000,0x00000000ed180000,0x00000000ed180000)
  from space 135680K, 19% used [0x00000000f6500000,0x00000000f7ef1278,0x00000000fe980000)
  to   space 143360K, 0% used [0x00000000ed180000,0x00000000ed180000,0x00000000f5d80000)
 ParOldGen       total 558592K, used 450421K [0x0000000084e00000, 0x00000000a6f80000, 0x00000000d6f80000)
  object space 558592K, 80% used [0x0000000084e00000,0x00000000a05dd4b8,0x00000000a6f80000)
 Metaspace       used 26124K, capacity 26338K, committed 26752K, reserved 1073152K
  class space    used 3086K, capacity 3178K, committed 3200K, reserved 1048576K
Event: 1323.452 GC heap after
Heap after GC invocations=730 (full 26):
 PSYoungGen      total 505856K, used 42016K [0x00000000d6f80000, 0x00000000ff480000, 0x0000000100000000)
  eden space 362496K, 0% used [0x00000000d6f80000,0x00000000d6f80000,0x00000000ed180000)
  from space 143360K, 29% used [0x00000000ed180000,0x00000000efa88000,0x00000000f5d80000)
  to   space 133632K, 0% used [0x00000000f7200000,0x00000000f7200000,0x00000000ff480000)
 ParOldGen       total 558592K, used 477113K [0x0000000084e00000, 0x00000000a6f80000, 0x00000000d6f80000)
  object space 558592K, 85% used [0x0000000084e00000,0x00000000a1fee730,0x00000000a6f80000)
 Metaspace       used 26124K, capacity 26338K, committed 26752K, reserved 1073152K
  class space    used 3086K, capacity 3178K, committed 3200K, reserved 1048576K
}
Event: 1323.594 GC heap before
{Heap before GC invocations=731 (full 26):
 PSYoungGen      total 505856K, used 404512K [0x00000000d6f80000, 0x00000000ff480000, 0x0000000100000000)
  eden space 362496K, 100% used [0x00000000d6f80000,0x00000000ed180000,0x00000000ed180000)
  from space 143360K, 29% used [0x00000000ed180000,0x00000000efa88000,0x00000000f5d80000)
  to   space 133632K, 0% used [0x00000000f7200000,0x00000000f7200000,0x00000000ff480000)
 ParOldGen       total 558592K, used 477113K [0x0000000084e00000, 0x00000000a6f80000, 0x00000000d6f80000)
  object space 558592K, 85% used [0x0000000084e00000,0x00000000a1fee730,0x00000000a6f80000)
 Metaspace       used 26124K, capacity 26338K, committed 26752K, reserved 1073152K
  class space    used 3086K, capacity 3178K, committed 3200K, reserved 1048576K
Event: 1323.691 GC heap after
Heap after GC invocations=731 (full 26):
 PSYoungGen      total 514560K, used 33888K [0x00000000d6f80000, 0x00000000fe680000, 0x0000000100000000)
  eden space 395264K, 0% used [0x00000000d6f80000,0x00000000d6f80000,0x00000000ef180000)
  from space 119296K, 28% used [0x00000000f7200000,0x00000000f9318000,0x00000000fe680000)
  to   space 125440K, 0% used [0x00000000ef180000,0x00000000ef180000,0x00000000f6c00000)
 ParOldGen       total 558592K, used 519329K [0x0000000084e00000, 0x00000000a6f80000, 0x00000000d6f80000)
  object space 558592K, 92% used [0x0000000084e00000,0x00000000a4928730,0x00000000a6f80000)
 Metaspace       used 26124K, capacity 26338K, committed 26752K, reserved 1073152K
  class space    used 3086K, capacity 3178K, committed 3200K, reserved 1048576K
}
Event: 1323.691 GC heap before
{Heap before GC invocations=732 (full 27):
 PSYoungGen      total 514560K, used 33888K [0x00000000d6f80000, 0x00000000fe680000, 0x0000000100000000)
  eden space 395264K, 0% used [0x00000000d6f80000,0x00000000d6f80000,0x00000000ef180000)
  from space 119296K, 28% used [0x00000000f7200000,0x00000000f9318000,0x00000000fe680000)
  to   space 125440K, 0% used [0x00000000ef180000,0x00000000ef180000,0x00000000f6c00000)
 ParOldGen       total 558592K, used 519329K [0x0000000084e00000, 0x00000000a6f80000, 0x00000000d6f80000)
  object space 558592K, 92% used [0x0000000084e00000,0x00000000a4928730,0x00000000a6f80000)
 Metaspace       used 26124K, capacity 26338K, committed 26752K, reserved 1073152K
  class space    used 3086K, capacity 3178K, committed 3200K, reserved 1048576K

